<?xml version="1.0" encoding="UTF-8"?>
<!-- Generated by org.testng.reporters.JUnitXMLReporter -->
<testsuite hostname="DESKTOP-DUBH7RU" ignored="0" name="base" tests="1" failures="0" timestamp="2023-07-25T19:53:56 EDT" time="0.038" errors="0">
  <testcase name="@BeforeSuite initiateTest" time="0.03" classname="TestManager.BaseTest">
    <failure type="java.lang.NullPointerException">
      <![CDATA[java.lang.NullPointerException
at TestManager.BaseTest.initiateTest(BaseTest.java:15)
at com.intellij.rt.testng.IDEARemoteTestNG.run(IDEARemoteTestNG.java:66)
at com.intellij.rt.testng.RemoteTestNGStarter.main(RemoteTestNGStarter.java:109)
... Removed 16 stack frames]]>
    </failure>
  </testcase> <!-- @BeforeSuite initiateTest -->
  <testcase name="@BeforeMethod openBrowser" time="-1.690329236616E9" classname="TestManager.BaseTest">
    <skipped/>
  </testcase> <!-- @BeforeMethod openBrowser -->
  <testcase name="@AfterMethod KillBroswer" time="-1.690329236619E9" classname="TestManager.BaseTest">
    <skipped/>
  </testcase> <!-- @AfterMethod KillBroswer -->
  <testcase name="actualTest" time="0.0" classname="TestManager.TestRunner">
    <skipped/>
  </testcase> <!-- actualTest -->
</testsuite> <!-- base -->
